<?xml version="1.0" encoding="UTF-8"?>
<!-- Generated by org.testng.reporters.JUnitXMLReporter -->
<testsuite ignored="0" hostname="MX-POWELL-QA1L" failures="0" tests="3" name="Test" time="8.148" errors="0" timestamp="2021-11-22T22:13:28 CST">
  <testcase classname="com.HRM.Testcases.LoginTest" name="Forgetpas" time="0.907"/>
  <testcase classname="com.HRM.Testcases.LoginTest" name="logindetails" time="7.21"/>
  <testcase classname="com.HRM.Testcases.LoginTest" name="Checktitle" time="0.012"/>
</testsuite> <!-- Test -->
